#
# There is insufficient memory for the Java Runtime Environment to continue.
# Native memory allocation (malloc) failed to allocate 998896 bytes for Chunk::new
# Possible reasons:
#   The system is out of physical RAM or swap space
#   The process is running with CompressedOops enabled, and the Java Heap may be blocking the growth of the native heap
# Possible solutions:
#   Reduce memory load on the system
#   Increase physical memory or swap space
#   Check if swap backing store is full
#   Decrease Java heap size (-Xmx/-Xms)
#   Decrease number of Java threads
#   Decrease Java thread stack sizes (-Xss)
#   Set larger code cache with -XX:ReservedCodeCacheSize=
#   JVM is running with Unscaled Compressed Oops mode in which the Java heap is
#     placed in the first 4GB address space. The Java Heap base address is the
#     maximum limit for the native heap growth. Please use -XX:HeapBaseMinAddress
#     to set the Java Heap base and to place the Java Heap above 4GB virtual address.
# This output file may be truncated or incomplete.
#
#  Out of Memory Error (allocation.cpp:389), pid=616, tid=0x0000000000000f58
#
# JRE version: Java(TM) SE Runtime Environment (8.0_351-b10) (build 1.8.0_351-b10)
# Java VM: Java HotSpot(TM) 64-Bit Server VM (25.351-b10 mixed mode windows-amd64 compressed oops)
# Failed to write core dump. Minidumps are not enabled by default on client versions of Windows
#

---------------  T H R E A D  ---------------

Current thread (0x0000000052316000):  JavaThread "C2 CompilerThread0" daemon [_thread_in_native, id=3928, stack(0x0000000052ee0000,0x0000000052fe0000)]

Stack: [0x0000000052ee0000,0x0000000052fe0000]
Native frames: (J=compiled Java code, j=interpreted, Vv=VM code, C=native code)
V  [jvm.dll+0x3300b9]


Current CompileTask:
C2:   5252 1792 %     4       java.io.WinNTFileSystem::normalize @ 22 (143 bytes)


---------------  P R O C E S S  ---------------

Java Threads: ( => current thread )
  0x0000000053e02000 JavaThread "background-preinit" [_thread_blocked, id=6020, stack(0x0000000055e50000,0x0000000055f50000)]
  0x0000000053e64800 JavaThread "restartedMain" [_thread_blocked, id=7576, stack(0x0000000054270000,0x0000000054370000)]
  0x0000000053e63800 JavaThread "Thread-0" [_thread_blocked, id=4312, stack(0x0000000054110000,0x0000000054210000)]
  0x0000000052391800 JavaThread "Service Thread" daemon [_thread_blocked, id=5060, stack(0x0000000053170000,0x0000000053270000)]
  0x0000000052322800 JavaThread "C1 CompilerThread1" daemon [_thread_blocked, id=3568, stack(0x0000000053050000,0x0000000053150000)]
=>0x0000000052316000 JavaThread "C2 CompilerThread0" daemon [_thread_in_native, id=3928, stack(0x0000000052ee0000,0x0000000052fe0000)]
  0x000000005230b800 JavaThread "Attach Listener" daemon [_thread_blocked, id=828, stack(0x0000000052d70000,0x0000000052e70000)]
  0x0000000052308000 JavaThread "Signal Dispatcher" daemon [_thread_blocked, id=3320, stack(0x0000000052b80000,0x0000000052c80000)]
  0x00000000522e3800 JavaThread "Finalizer" daemon [_thread_blocked, id=3532, stack(0x0000000052800000,0x0000000052900000)]
  0x00000000522d8000 JavaThread "Reference Handler" daemon [_thread_blocked, id=5224, stack(0x0000000052670000,0x0000000052770000)]
  0x0000000000401000 JavaThread "main" [_thread_blocked, id=6164, stack(0x0000000002170000,0x0000000002270000)]

Other Threads:
  0x000000005228f000 VMThread [stack: 0x0000000052530000,0x0000000052630000] [id=5220]
  0x00000000523a8000 WatcherThread [stack: 0x00000000532b0000,0x00000000533b0000] [id=4360]

VM state:at safepoint (normal execution)

VM Mutex/Monitor currently owned by a thread:  ([mutex/lock_event])
[0x00000000003ff500] Threads_lock - owner thread: 0x000000005228f000
[0x00000000003ffa00] Heap_lock - owner thread: 0x0000000053e64800

heap address: 0x00000000e8a00000, size: 374 MB, Compressed Oops mode: 32-bit
Narrow klass base: 0x0000000000000000, Narrow klass shift: 0
Compressed class space size: 1073741824 Address: 0x0000000011980000

Heap:
 def new generation   total 7488K, used 7143K [0x00000000e8a00000, 0x00000000e9210000, 0x00000000f06a0000)
  eden space 6720K,  94% used [0x00000000e8a00000, 0x00000000e9039ff0, 0x00000000e9090000)
  from space 768K,  99% used [0x00000000e9150000, 0x00000000e920fff8, 0x00000000e9210000)
  to   space 768K,   0% used [0x00000000e9090000, 0x00000000e9090000, 0x00000000e9150000)
 tenured generation   total 16384K, used 7520K [0x00000000f06a0000, 0x00000000f16a0000, 0x0000000100000000)
   the space 16384K,  45% used [0x00000000f06a0000, 0x00000000f0df8290, 0x00000000f0df8400, 0x00000000f16a0000)
 Metaspace       used 22906K, capacity 23810K, committed 23936K, reserved 1075200K
  class space    used 2966K, capacity 3172K, committed 3200K, reserved 1048576K

Card table byte_map: [0x0000000002080000,0x0000000002140000] byte_map_base: 0x000000000193b000

Polling page: 0x0000000000130000

CodeCache: size=245760Kb used=5915Kb max_used=5915Kb free=239844Kb
 bounds [0x0000000002540000, 0x0000000002b10000, 0x0000000011540000]
 total_blobs=2189 nmethods=1816 adapters=286
 compilation: enabled

Compilation events (10 events):
Event: 4.728 Thread 0x0000000052322800 1808       3       java.lang.invoke.MethodHandles$Lookup::checkMethod (83 bytes)
Event: 4.729 Thread 0x0000000052322800 nmethod 1808 0x0000000002af3950 code [0x0000000002af3b20, 0x0000000002af4538]
Event: 4.729 Thread 0x0000000052322800 1809       3       java.lang.invoke.MethodHandles$Lookup::maybeBindCaller (44 bytes)
Event: 4.730 Thread 0x0000000052322800 nmethod 1809 0x0000000002b03950 code [0x0000000002b03b20, 0x0000000002b04478]
Event: 4.730 Thread 0x0000000052322800 1810       3       java.lang.invoke.MethodHandleNatives::canBeCalledVirtual (132 bytes)
Event: 4.731 Thread 0x0000000052322800 nmethod 1810 0x0000000002b04850 code [0x0000000002b04a40, 0x0000000002b05318]
Event: 4.731 Thread 0x0000000052322800 1812       3       jdk.internal.org.objectweb.asm.ClassVisitor::<init> (35 bytes)
Event: 4.731 Thread 0x0000000052322800 nmethod 1812 0x0000000002af33d0 code [0x0000000002af3540, 0x0000000002af3828]
Event: 4.732 Thread 0x0000000052322800 1811       3       jdk.internal.org.objectweb.asm.Frame::pop (53 bytes)
Event: 4.732 Thread 0x0000000052322800 nmethod 1811 0x0000000002b05590 code [0x0000000002b05760, 0x0000000002b05c48]

GC Heap History (10 events):
Event: 4.222 GC heap before
{Heap before GC invocations=18 (full 0):
 def new generation   total 7424K, used 7424K [0x00000000e8a00000, 0x00000000e9200000, 0x00000000f06a0000)
  eden space 6656K, 100% used [0x00000000e8a00000, 0x00000000e9080000, 0x00000000e9080000)
  from space 768K, 100% used [0x00000000e9080000, 0x00000000e9140000, 0x00000000e9140000)
  to   space 768K,   0% used [0x00000000e9140000, 0x00000000e9140000, 0x00000000e9200000)
 tenured generation   total 16384K, used 7177K [0x00000000f06a0000, 0x00000000f16a0000, 0x0000000100000000)
   the space 16384K,  43% used [0x00000000f06a0000, 0x00000000f0da24a0, 0x00000000f0da2600, 0x00000000f16a0000)
 Metaspace       used 20106K, capacity 21074K, committed 21296K, reserved 1067008K
  class space    used 2614K, capacity 2828K, committed 2944K, reserved 1048576K
Event: 4.228 GC heap after
Heap after GC invocations=19 (full 0):
 def new generation   total 7424K, used 768K [0x00000000e8a00000, 0x00000000e9200000, 0x00000000f06a0000)
  eden space 6656K,   0% used [0x00000000e8a00000, 0x00000000e8a00000, 0x00000000e9080000)
  from space 768K, 100% used [0x00000000e9140000, 0x00000000e9200000, 0x00000000e9200000)
  to   space 768K,   0% used [0x00000000e9080000, 0x00000000e9080000, 0x00000000e9140000)
 tenured generation   total 16384K, used 7775K [0x00000000f06a0000, 0x00000000f16a0000, 0x0000000100000000)
   the space 16384K,  47% used [0x00000000f06a0000, 0x00000000f0e37d38, 0x00000000f0e37e00, 0x00000000f16a0000)
 Metaspace       used 20106K, capacity 21074K, committed 21296K, reserved 1067008K
  class space    used 2614K, capacity 2828K, committed 2944K, reserved 1048576K
}
Event: 4.256 GC heap before
{Heap before GC invocations=19 (full 0):
 def new generation   total 7424K, used 2701K [0x00000000e8a00000, 0x00000000e9200000, 0x00000000f06a0000)
  eden space 6656K,  29% used [0x00000000e8a00000, 0x00000000e8be3740, 0x00000000e9080000)
  from space 768K, 100% used [0x00000000e9140000, 0x00000000e9200000, 0x00000000e9200000)
  to   space 768K,   0% used [0x00000000e9080000, 0x00000000e9080000, 0x00000000e9140000)
 tenured generation   total 16384K, used 7775K [0x00000000f06a0000, 0x00000000f16a0000, 0x0000000100000000)
   the space 16384K,  47% used [0x00000000f06a0000, 0x00000000f0e37d38, 0x00000000f0e37e00, 0x00000000f16a0000)
 Metaspace       used 20226K, capacity 21138K, committed 21296K, reserved 1067008K
  class space    used 2625K, capacity 2828K, committed 2944K, reserved 1048576K
Event: 4.298 GC heap after
Heap after GC invocations=20 (full 1):
 def new generation   total 7488K, used 0K [0x00000000e8a00000, 0x00000000e9210000, 0x00000000f06a0000)
  eden space 6720K,   0% used [0x00000000e8a00000, 0x00000000e8a00000, 0x00000000e9090000)
  from space 768K,   0% used [0x00000000e9090000, 0x00000000e9090000, 0x00000000e9150000)
  to   space 768K,   0% used [0x00000000e9150000, 0x00000000e9150000, 0x00000000e9210000)
 tenured generation   total 16384K, used 6875K [0x00000000f06a0000, 0x00000000f16a0000, 0x0000000100000000)
   the space 16384K,  41% used [0x00000000f06a0000, 0x00000000f0d56e78, 0x00000000f0d57000, 0x00000000f16a0000)
 Metaspace       used 20226K, capacity 21138K, committed 21296K, reserved 1067008K
  class space    used 2625K, capacity 2828K, committed 2944K, reserved 1048576K
}
Event: 4.440 GC heap before
{Heap before GC invocations=20 (full 1):
 def new generation   total 7488K, used 6720K [0x00000000e8a00000, 0x00000000e9210000, 0x00000000f06a0000)
  eden space 6720K, 100% used [0x00000000e8a00000, 0x00000000e9090000, 0x00000000e9090000)
  from space 768K,   0% used [0x00000000e9090000, 0x00000000e9090000, 0x00000000e9150000)
  to   space 768K,   0% used [0x00000000e9150000, 0x00000000e9150000, 0x00000000e9210000)
 tenured generation   total 16384K, used 6875K [0x00000000f06a0000, 0x00000000f16a0000, 0x0000000100000000)
   the space 16384K,  41% used [0x00000000f06a0000, 0x00000000f0d56e78, 0x00000000f0d57000, 0x00000000f16a0000)
 Metaspace       used 21223K, capacity 22194K, committed 22400K, reserved 1069056K
  class space    used 2713K, capacity 2924K, committed 2944K, reserved 1048576K
Event: 4.443 GC heap after
Heap after GC invocations=21 (full 1):
 def new generation   total 7488K, used 767K [0x00000000e8a00000, 0x00000000e9210000, 0x00000000f06a0000)
  eden space 6720K,   0% used [0x00000000e8a00000, 0x00000000e8a00000, 0x00000000e9090000)
  from space 768K,  99% used [0x00000000e9150000, 0x00000000e920fff0, 0x00000000e9210000)
  to   space 768K,   0% used [0x00000000e9090000, 0x00000000e9090000, 0x00000000e9150000)
 tenured generation   total 16384K, used 7046K [0x00000000f06a0000, 0x00000000f16a0000, 0x0000000100000000)
   the space 16384K,  43% used [0x00000000f06a0000, 0x00000000f0d818d8, 0x00000000f0d81a00, 0x00000000f16a0000)
 Metaspace       used 21223K, capacity 22194K, committed 22400K, reserved 1069056K
  class space    used 2713K, capacity 2924K, committed 2944K, reserved 1048576K
}
Event: 4.559 GC heap before
{Heap before GC invocations=21 (full 1):
 def new generation   total 7488K, used 7487K [0x00000000e8a00000, 0x00000000e9210000, 0x00000000f06a0000)
  eden space 6720K, 100% used [0x00000000e8a00000, 0x00000000e9090000, 0x00000000e9090000)
  from space 768K,  99% used [0x00000000e9150000, 0x00000000e920fff0, 0x00000000e9210000)
  to   space 768K,   0% used [0x00000000e9090000, 0x00000000e9090000, 0x00000000e9150000)
 tenured generation   total 16384K, used 7046K [0x00000000f06a0000, 0x00000000f16a0000, 0x0000000100000000)
   the space 16384K,  43% used [0x00000000f06a0000, 0x00000000f0d818d8, 0x00000000f0d81a00, 0x00000000f16a0000)
 Metaspace       used 21916K, capacity 22866K, committed 23040K, reserved 1069056K
  class space    used 2805K, capacity 3020K, committed 3072K, reserved 1048576K
Event: 4.562 GC heap after
Heap after GC invocations=22 (full 1):
 def new generation   total 7488K, used 767K [0x00000000e8a00000, 0x00000000e9210000, 0x00000000f06a0000)
  eden space 6720K,   0% used [0x00000000e8a00000, 0x00000000e8a00000, 0x00000000e9090000)
  from space 768K,  99% used [0x00000000e9090000, 0x00000000e914fff8, 0x00000000e9150000)
  to   space 768K,   0% used [0x00000000e9150000, 0x00000000e9150000, 0x00000000e9210000)
 tenured generation   total 16384K, used 7264K [0x00000000f06a0000, 0x00000000f16a0000, 0x0000000100000000)
   the space 16384K,  44% used [0x00000000f06a0000, 0x00000000f0db81b8, 0x00000000f0db8200, 0x00000000f16a0000)
 Metaspace       used 21916K, capacity 22866K, committed 23040K, reserved 1069056K
  class space    used 2805K, capacity 3020K, committed 3072K, reserved 1048576K
}
Event: 4.665 GC heap before
{Heap before GC invocations=22 (full 1):
 def new generation   total 7488K, used 7487K [0x00000000e8a00000, 0x00000000e9210000, 0x00000000f06a0000)
  eden space 6720K, 100% used [0x00000000e8a00000, 0x00000000e9090000, 0x00000000e9090000)
  from space 768K,  99% used [0x00000000e9090000, 0x00000000e914fff8, 0x00000000e9150000)
  to   space 768K,   0% used [0x00000000e9150000, 0x00000000e9150000, 0x00000000e9210000)
 tenured generation   total 16384K, used 7264K [0x00000000f06a0000, 0x00000000f16a0000, 0x0000000100000000)
   the space 16384K,  44% used [0x00000000f06a0000, 0x00000000f0db81b8, 0x00000000f0db8200, 0x00000000f16a0000)
 Metaspace       used 22534K, capacity 23474K, committed 23680K, reserved 1069056K
  class space    used 2903K, capacity 3116K, committed 3200K, reserved 1048576K
Event: 4.668 GC heap after
Heap after GC invocations=23 (full 1):
 def new generation   total 7488K, used 767K [0x00000000e8a00000, 0x00000000e9210000, 0x00000000f06a0000)
  eden space 6720K,   0% used [0x00000000e8a00000, 0x00000000e8a00000, 0x00000000e9090000)
  from space 768K,  99% used [0x00000000e9150000, 0x00000000e920fff8, 0x00000000e9210000)
  to   space 768K,   0% used [0x00000000e9090000, 0x00000000e9090000, 0x00000000e9150000)
 tenured generation   total 16384K, used 7520K [0x00000000f06a0000, 0x00000000f16a0000, 0x0000000100000000)
   the space 16384K,  45% used [0x00000000f06a0000, 0x00000000f0df8290, 0x00000000f0df8400, 0x00000000f16a0000)
 Metaspace       used 22534K, capacity 23474K, committed 23680K, reserved 1069056K
  class space    used 2903K, capacity 3116K, committed 3200K, reserved 1048576K
}

Deoptimization events (10 events):
Event: 2.110 Thread 0x0000000053e64800 Uncommon trap: reason=unstable_if action=reinterpret pc=0x00000000027ef4f8 method=java.util.HashMap.getNode(ILjava/lang/Object;)Ljava/util/HashMap$Node; @ 129
Event: 2.774 Thread 0x0000000053e64800 Uncommon trap: reason=unstable_if action=reinterpret pc=0x00000000029bd898 method=java.util.concurrent.ConcurrentHashMap.addCount(JI)V @ 34
Event: 3.097 Thread 0x0000000053e64800 Uncommon trap: reason=unstable_if action=reinterpret pc=0x0000000002826ae4 method=java.util.HashMap.hash(Ljava/lang/Object;)I @ 1
Event: 3.515 Thread 0x0000000053e64800 Uncommon trap: reason=unstable_if action=reinterpret pc=0x00000000029ad098 method=java.io.WinNTFileSystem.normalize(Ljava/lang/String;)Ljava/lang/String; @ 128
Event: 3.714 Thread 0x0000000053e02000 Uncommon trap: reason=bimorphic action=maybe_recompile pc=0x0000000002951d0c method=java.util.HashMap.putVal(ILjava/lang/Object;Ljava/lang/Object;ZZ)Ljava/lang/Object; @ 203
Event: 3.720 Thread 0x0000000053e02000 Uncommon trap: reason=bimorphic action=maybe_recompile pc=0x0000000002951d0c method=java.util.HashMap.putVal(ILjava/lang/Object;Ljava/lang/Object;ZZ)Ljava/lang/Object; @ 203
Event: 3.723 Thread 0x0000000053e02000 Uncommon trap: reason=bimorphic action=maybe_recompile pc=0x0000000002951d0c method=java.util.HashMap.putVal(ILjava/lang/Object;Ljava/lang/Object;ZZ)Ljava/lang/Object; @ 203
Event: 3.998 Thread 0x0000000053e64800 Uncommon trap: reason=bimorphic action=maybe_recompile pc=0x0000000002951d0c method=java.util.HashMap.putVal(ILjava/lang/Object;Ljava/lang/Object;ZZ)Ljava/lang/Object; @ 203
Event: 4.136 Thread 0x0000000053e64800 Uncommon trap: reason=unstable_if action=reinterpret pc=0x0000000002ad9fdc method=java.util.Hashtable$Enumerator.nextElement()Ljava/lang/Object; @ 71
Event: 4.723 Thread 0x0000000053e02000 Uncommon trap: reason=unstable_if action=reinterpret pc=0x00000000028dc768 method=jdk.internal.org.objectweb.asm.Type.getArgumentsAndReturnSizes(Ljava/lang/String;)I @ 47

Classes redefined (0 events):
No events

Internal exceptions (10 events):
Event: 3.434 Thread 0x0000000053e64800 Exception <a 'java/lang/ClassNotFoundException': org/springframework/core/OrderedCustomizer> (0x00000000e8a9ea30) thrown at [C:\jenkins\workspace\8-2-build-windows-x64-cygwin\jdk8u351\2908\hotspot\src\share\vm\classfile\systemDictionary.cpp, line 212]
Event: 3.436 Thread 0x0000000053e64800 Exception <a 'java/lang/ClassNotFoundException': org/springframework/context/ResourceLoaderAwareCustomizer> (0x00000000e8ac83b8) thrown at [C:\jenkins\workspace\8-2-build-windows-x64-cygwin\jdk8u351\2908\hotspot\src\share\vm\classfile\systemDictionary.cpp
Event: 3.437 Thread 0x0000000053e64800 Exception <a 'java/lang/ClassNotFoundException': org/springframework/beans/factory/AwareCustomizer> (0x00000000e8b04068) thrown at [C:\jenkins\workspace\8-2-build-windows-x64-cygwin\jdk8u351\2908\hotspot\src\share\vm\classfile\systemDictionary.cpp, line 2
Event: 3.439 Thread 0x0000000053e64800 Exception <a 'java/lang/ClassNotFoundException': org/springframework/context/ApplicationStartupAwareCustomizer> (0x00000000e8b1a290) thrown at [C:\jenkins\workspace\8-2-build-windows-x64-cygwin\jdk8u351\2908\hotspot\src\share\vm\classfile\systemDictionary
Event: 3.440 Thread 0x0000000053e64800 Exception <a 'java/lang/ClassNotFoundException': org/springframework/beans/factory/AwareCustomizer> (0x00000000e8b563e0) thrown at [C:\jenkins\workspace\8-2-build-windows-x64-cygwin\jdk8u351\2908\hotspot\src\share\vm\classfile\systemDictionary.cpp, line 2
Event: 3.440 Thread 0x0000000053e64800 Exception <a 'java/lang/ClassNotFoundException': org/springframework/beans/factory/BeanClassLoaderAwareCustomizer> (0x00000000e8b80da0) thrown at [C:\jenkins\workspace\8-2-build-windows-x64-cygwin\jdk8u351\2908\hotspot\src\share\vm\classfile\systemDiction
Event: 3.442 Thread 0x0000000053e64800 Exception <a 'java/lang/ClassNotFoundException': org/springframework/beans/factory/AwareCustomizer> (0x00000000e8ba9550) thrown at [C:\jenkins\workspace\8-2-build-windows-x64-cygwin\jdk8u351\2908\hotspot\src\share\vm\classfile\systemDictionary.cpp, line 2
Event: 3.443 Thread 0x0000000053e64800 Exception <a 'java/lang/ClassNotFoundException': org/springframework/context/EnvironmentAwareCustomizer> (0x00000000e8bd17a0) thrown at [C:\jenkins\workspace\8-2-build-windows-x64-cygwin\jdk8u351\2908\hotspot\src\share\vm\classfile\systemDictionary.cpp, l
Event: 3.443 Thread 0x0000000053e64800 Exception <a 'java/lang/ClassNotFoundException': org/springframework/beans/factory/AwareCustomizer> (0x00000000e8bf96b0) thrown at [C:\jenkins\workspace\8-2-build-windows-x64-cygwin\jdk8u351\2908\hotspot\src\share\vm\classfile\systemDictionary.cpp, line 2
Event: 4.072 Thread 0x0000000053e64800 Exception <a 'java/lang/NoSuchMethodError': java.lang.Object.lambda$or$2(Ljava/util/function/Predicate;Ljava/lang/Object;)Z> (0x00000000e8aacc00) thrown at [C:\jenkins\workspace\8-2-build-windows-x64-cygwin\jdk8u351\2908\hotspot\src\share\vm\interpreter\l

Events (10 events):
Event: 4.728 loading class org/springframework/http/codec/CodecConfigurer done
Event: 4.732 Executing VM operation: RevokeBias
Event: 4.732 Executing VM operation: RevokeBias done
Event: 4.732 Executing VM operation: RevokeBias
Event: 4.732 Executing VM operation: RevokeBias done
Event: 4.732 Executing VM operation: RevokeBias
Event: 4.732 Executing VM operation: RevokeBias done
Event: 4.733 Executing VM operation: RevokeBias
Event: 4.733 Executing VM operation: RevokeBias done
Event: 4.733 Executing VM operation: RevokeBias


Dynamic libraries:
0x000000013f8c0000 - 0x000000013f907000 	C:\Program Files\Java\jdk1.8.0_351\bin\java.exe
0x0000000076e80000 - 0x0000000077029000 	C:\Windows\SYSTEM32\ntdll.dll
0x0000000076d60000 - 0x0000000076e7f000 	C:\Windows\system32\kernel32.dll
0x000007fefcf00000 - 0x000007fefcf6b000 	C:\Windows\system32\KERNELBASE.dll
0x000007fefec70000 - 0x000007fefed4b000 	C:\Windows\system32\ADVAPI32.dll
0x000007fefefb0000 - 0x000007feff04f000 	C:\Windows\system32\msvcrt.dll
0x000007fefe2f0000 - 0x000007fefe30f000 	C:\Windows\SYSTEM32\sechost.dll
0x000007fefeb40000 - 0x000007fefec6d000 	C:\Windows\system32\RPCRT4.dll
0x0000000076c60000 - 0x0000000076d5a000 	C:\Windows\system32\USER32.dll
0x000007fefe650000 - 0x000007fefe6b7000 	C:\Windows\system32\GDI32.dll
0x000007fefea20000 - 0x000007fefea2e000 	C:\Windows\system32\LPK.dll
0x000007fefe900000 - 0x000007fefe9c9000 	C:\Windows\system32\USP10.dll
0x000007fefb9d0000 - 0x000007fefbbc4000 	C:\Windows\WinSxS\amd64_microsoft.windows.common-controls_6595b64144ccf1df_6.0.7601.17514_none_fa396087175ac9ac\COMCTL32.dll
0x000007fefed50000 - 0x000007fefedc1000 	C:\Windows\system32\SHLWAPI.dll
0x000007fefe520000 - 0x000007fefe54e000 	C:\Windows\system32\IMM32.DLL
0x000007fefea30000 - 0x000007fefeb39000 	C:\Windows\system32\MSCTF.dll
0x000007feefcc0000 - 0x000007feefcd5000 	C:\Program Files\Java\jdk1.8.0_351\jre\bin\vcruntime140.dll
0x000007feea2a0000 - 0x000007feea2a4000 	C:\Program Files\Java\jdk1.8.0_351\bin\api-ms-win-crt-runtime-l1-1-0.dll
0x000007fedc5d0000 - 0x000007fedc6ca000 	C:\Program Files\Java\jdk1.8.0_351\bin\ucrtbase.DLL
0x000007feea0a0000 - 0x000007feea0a3000 	C:\Program Files\Java\jdk1.8.0_351\bin\api-ms-win-core-localization-l1-2-0.dll
0x000007fee9cb0000 - 0x000007fee9cb3000 	C:\Program Files\Java\jdk1.8.0_351\bin\api-ms-win-core-processthreads-l1-1-1.dll
0x000007fee9ca0000 - 0x000007fee9ca3000 	C:\Program Files\Java\jdk1.8.0_351\bin\api-ms-win-core-file-l1-2-0.dll
0x000007fee6d80000 - 0x000007fee6d83000 	C:\Program Files\Java\jdk1.8.0_351\bin\api-ms-win-core-timezone-l1-1-0.dll
0x000007fee6d70000 - 0x000007fee6d73000 	C:\Program Files\Java\jdk1.8.0_351\bin\api-ms-win-core-file-l2-1-0.dll
0x000007fee6d60000 - 0x000007fee6d63000 	C:\Program Files\Java\jdk1.8.0_351\bin\api-ms-win-core-synch-l1-2-0.dll
0x000007fee59e0000 - 0x000007fee59e3000 	C:\Program Files\Java\jdk1.8.0_351\bin\api-ms-win-crt-heap-l1-1-0.dll
0x000007fee59d0000 - 0x000007fee59d4000 	C:\Program Files\Java\jdk1.8.0_351\bin\api-ms-win-crt-string-l1-1-0.dll
0x000007fee55d0000 - 0x000007fee55d4000 	C:\Program Files\Java\jdk1.8.0_351\bin\api-ms-win-crt-stdio-l1-1-0.dll
0x000007fee51b0000 - 0x000007fee51b4000 	C:\Program Files\Java\jdk1.8.0_351\bin\api-ms-win-crt-convert-l1-1-0.dll
0x000007fee5210000 - 0x000007fee52ab000 	C:\Program Files\Java\jdk1.8.0_351\jre\bin\msvcp140.dll
0x000007fee51a0000 - 0x000007fee51a3000 	C:\Program Files\Java\jdk1.8.0_351\bin\api-ms-win-crt-locale-l1-1-0.dll
0x000007fee5190000 - 0x000007fee5195000 	C:\Program Files\Java\jdk1.8.0_351\bin\api-ms-win-crt-math-l1-1-0.dll
0x000007fee5180000 - 0x000007fee5183000 	C:\Program Files\Java\jdk1.8.0_351\bin\api-ms-win-crt-filesystem-l1-1-0.dll
0x000007fee5170000 - 0x000007fee5173000 	C:\Program Files\Java\jdk1.8.0_351\bin\api-ms-win-crt-time-l1-1-0.dll
0x000007fee5160000 - 0x000007fee5163000 	C:\Program Files\Java\jdk1.8.0_351\bin\api-ms-win-crt-environment-l1-1-0.dll
0x000007fee5150000 - 0x000007fee5153000 	C:\Program Files\Java\jdk1.8.0_351\bin\api-ms-win-crt-utility-l1-1-0.dll
0x0000000074250000 - 0x0000000074ab1000 	C:\Program Files\Java\jdk1.8.0_351\jre\bin\server\jvm.dll
0x000007fefa890000 - 0x000007fefa899000 	C:\Windows\system32\WSOCK32.dll
0x000007fefe9d0000 - 0x000007fefea1d000 	C:\Windows\system32\WS2_32.dll
0x000007feff180000 - 0x000007feff188000 	C:\Windows\system32\NSI.dll
0x000007fef9600000 - 0x000007fef963b000 	C:\Windows\system32\WINMM.dll
0x000007fefbee0000 - 0x000007fefbeec000 	C:\Windows\system32\VERSION.dll
0x0000000077040000 - 0x0000000077047000 	C:\Windows\system32\PSAPI.DLL
0x000007fef0e10000 - 0x000007fef0e20000 	C:\Program Files\Java\jdk1.8.0_351\jre\bin\verify.dll
0x000007fef0dc0000 - 0x000007fef0deb000 	C:\Program Files\Java\jdk1.8.0_351\jre\bin\java.dll
0x000007fef11c0000 - 0x000007fef11d8000 	C:\Program Files\Java\jdk1.8.0_351\jre\bin\zip.dll
0x000007fefd300000 - 0x000007fefe088000 	C:\Windows\system32\SHELL32.dll
0x000007fefe310000 - 0x000007fefe513000 	C:\Windows\system32\ole32.dll
0x000007fefcdd0000 - 0x000007fefcddf000 	C:\Windows\system32\profapi.dll
0x000007feedb50000 - 0x000007feedb5d000 	C:\Program Files\Java\jdk1.8.0_351\jre\bin\management.dll
0x000007feedb30000 - 0x000007feedb4c000 	C:\Program Files\Java\jdk1.8.0_351\jre\bin\net.dll
0x000007fefc600000 - 0x000007fefc655000 	C:\Windows\system32\mswsock.dll
0x000007fefc5f0000 - 0x000007fefc5f7000 	C:\Windows\System32\wship6.dll
0x000007fefab40000 - 0x000007fefab55000 	C:\Windows\system32\NLAapi.dll
0x000007fefaee0000 - 0x000007fefaef5000 	C:\Windows\system32\napinsp.dll
0x000007fefae40000 - 0x000007fefae59000 	C:\Windows\system32\pnrpnsp.dll
0x000007fefc480000 - 0x000007fefc4db000 	C:\Windows\system32\DNSAPI.dll
0x000007fefaed0000 - 0x000007fefaedb000 	C:\Windows\System32\winrnr.dll
0x000007fefc000000 - 0x000007fefc007000 	C:\Windows\System32\wshtcpip.dll
0x000007fefa6a0000 - 0x000007fefa6c7000 	C:\Windows\system32\IPHLPAPI.DLL
0x000007fefa680000 - 0x000007fefa68b000 	C:\Windows\system32\WINNSI.DLL
0x000007fef1310000 - 0x000007fef1318000 	C:\Windows\system32\rasadhlp.dll
0x000007fefa4c0000 - 0x000007fefa513000 	C:\Windows\System32\fwpuclnt.dll
0x000007feedad0000 - 0x000007feedae3000 	C:\Program Files\Java\jdk1.8.0_351\jre\bin\nio.dll
0x000007fef5d20000 - 0x000007fef5e45000 	C:\Windows\system32\dbghelp.dll

VM Arguments:
java_command: com.portfolio.mgb.MgbApplication
java_class_path (initial): C:\Users\Anabel\Documents\portafolio-AP\PortfolioRosita\BACK-END\mgb\target\classes;C:\Users\Anabel\.m2\repository\org\springframework\boot\spring-boot-starter-data-jpa\2.7.1\spring-boot-starter-data-jpa-2.7.1.jar;C:\Users\Anabel\.m2\repository\org\springframework\boot\spring-boot-starter-aop\2.7.1\spring-boot-starter-aop-2.7.1.jar;C:\Users\Anabel\.m2\repository\org\aspectj\aspectjweaver\1.9.7\aspectjweaver-1.9.7.jar;C:\Users\Anabel\.m2\repository\org\springframework\boot\spring-boot-starter-jdbc\2.7.1\spring-boot-starter-jdbc-2.7.1.jar;C:\Users\Anabel\.m2\repository\com\zaxxer\HikariCP\4.0.3\HikariCP-4.0.3.jar;C:\Users\Anabel\.m2\repository\org\springframework\spring-jdbc\5.3.21\spring-jdbc-5.3.21.jar;C:\Users\Anabel\.m2\repository\jakarta\transaction\jakarta.transaction-api\1.3.3\jakarta.transaction-api-1.3.3.jar;C:\Users\Anabel\.m2\repository\jakarta\persistence\jakarta.persistence-api\2.2.3\jakarta.persistence-api-2.2.3.jar;C:\Users\Anabel\.m2\repository\org\hibernate\hibernate-core\5.6.9.Final\hibernate-core-5.6.9.Final.jar;C:\Users\Anabel\.m2\repository\org\jboss\logging\jboss-logging\3.4.3.Final\jboss-logging-3.4.3.Final.jar;C:\Users\Anabel\.m2\repository\net\bytebuddy\byte-buddy\1.12.11\byte-buddy-1.12.11.jar;C:\Users\Anabel\.m2\repository\antlr\antlr\2.7.7\antlr-2.7.7.jar;C:\Users\Anabel\.m2\repository\org\jboss\jandex\2.4.2.Final\jandex-2.4.2.Final.jar;C:\Users\Anabel\.m2\repository\com\fasterxml\classmate\1.5.1\classmate-1.5.1.jar;C:\Users\Anabel\.m2\repository\org\hibernate\common\hibernate-commons-annotations\5.1.2.Final\hibernate-commons-annotations-5.1.2.Final.jar;C:\Users\Anabel\.m2\repository\org\glassfish\jaxb\jaxb-runtime\2.3.6\jaxb-runtime-2.3.6.jar;C:\Users\Anabel\.m2\repository\org\glassfish\jaxb\txw2\2.3.6\txw2-2.3.6.jar;C:\Users\Anabel\.m2\repository\com\sun\istack\istack-commons-runtime\3.0.12\istack-commons-runtime-3.0.12.jar;C:\Users\Anabel\.m2\repository\com\sun\activation\jakarta.activation\1.2.2\jakarta.acti
Launcher Type: SUN_STANDARD

Environment Variables:
JAVA_HOME=C:\Program Files\Java\jdk1.8.0_351
PATH=C:\Program Files (x86)\Common Files\Oracle\Java\javapath;C:\Windows\system32;C:\Windows;C:\Windows\System32\Wbem;C:\Windows\System32\WindowsPowerShell\v1.0\;C:\Program Files (x86)\AMD\ATI.ACE\Core-Static;C:\Program Files (x86)\NVIDIA Corporation\PhysX\Common;C:\Program Files\Git\cmd\;C:\nodejs64;C:\Program Files\MySQL\MySQL Shell 8.0\bin\;C:\Users\Anabel\AppData\Local\Programs\Microsoft VS Code\bin
USERNAME=Anabel
OS=Windows_NT
PROCESSOR_IDENTIFIER=AMD64 Family 21 Model 19 Stepping 1, AuthenticAMD



---------------  S Y S T E M  ---------------

OS: Windows 7 , 64 bit Build 7601 (6.1.7601.17514)

CPU:total 2 (initial active 2) (2 cores per cpu, 1 threads per core) family 21 model 19 stepping 1, cmov, cx8, fxsr, mmx, sse, sse2, sse3, ssse3, sse4.1, sse4.2, popcnt, avx, aes, clmul, mmxext, 3dnowpref, lzcnt, sse4a, tsc, tscinvbit, tscinv, bmi1

Memory: 4k page, physical 1523728k(5792k free), swap 6094912k(5124k free)

vm_info: Java HotSpot(TM) 64-Bit Server VM (25.351-b10) for windows-amd64 JRE (1.8.0_351-b10), built on Sep 15 2022 02:58:06 by "java_re" with MS VC++ 15.9 (VS2017)

time: Tue Jan 31 19:09:47 2023
timezone: Hora estándar de Argentina
elapsed time: 5.262011 seconds (0d 0h 0m 5s)

